<?xml version="1.0" encoding="UTF-8"?>
<testng-results ignored="0" total="1" passed="1" failed="0" skipped="0">
  <reporter-output>
  </reporter-output>
  <suite started-at="2023-05-27T15:38:56 IST" name="Default suite" finished-at="2023-05-27T15:38:56 IST" duration-ms="172">
    <groups>
    </groups>
    <test started-at="2023-05-27T15:38:56 IST" name="Default test" finished-at="2023-05-27T15:38:56 IST" duration-ms="172">
      <class name="Reporting_tools.Log1">
        <test-method signature="test2()[pri:0, instance:Reporting_tools.Log1@702b8b12]" started-at="2023-05-27T15:38:56 IST" name="test2" finished-at="2023-05-27T15:38:56 IST" duration-ms="118" status="PASS">
          <reporter-output>
          </reporter-output>
        </test-method> <!-- test2 -->
      </class> <!-- Reporting_tools.Log1 -->
    </test> <!-- Default test -->
  </suite> <!-- Default suite -->
</testng-results>
